<?xml version="1.0" encoding="UTF-8"?>
<!-- Generated by org.testng.reporters.JUnitReportReporter -->
<testsuite hostname="DESKTOP-2JQ4EAS" failures="0" tests="1" name="testVagrant.Validate4ForeignPlayerAndaWicketKeeper" time="5.955" errors="0" timestamp="2022-10-07T12:21:32 IST" skipped="0">
  <testcase classname="testVagrant.Validate4ForeignPlayerAndaWicketKeeper" name="testGet" time="5.955"/>
  <system-out/>
</testsuite> <!-- testVagrant.Validate4ForeignPlayerAndaWicketKeeper -->
